<?xml version="1.0" encoding="UTF-8"?>
<robot generator="Robot 3.0 (Jython 2.7.0 on java1.8.0_121)" generated="20170306 15:58:44.268">
<suite source="C:\Users\Sarah\Desktop\CS 310\ArgumentParser-ANewHope\src\test\acceptancetest" name="Acceptancetest" id="s1">
<suite source="C:\Users\Sarah\Desktop\CS 310\ArgumentParser-ANewHope\src\test\acceptancetest\ArgumentParserTest.robot" name="ArgumentParserTest" id="s1-s1">
<test name="Test Volume Calculator Normal Function" id="s1-s1-t1">
<kw library="keywords.ArgumentParserKeywords" name="Start Volume Calculator With Arguments">
<arguments>
<arg>7</arg>
<arg>5</arg>
<arg>2</arg>
</arguments>
<msg level="INFO" timestamp="20170306 15:58:46.174">edu.jsu.mcis.Argument@2384b8c9
edu.jsu.mcis.Argument@54a72238
edu.jsu.mcis.Argument@4068655c</msg>
<status endtime="20170306 15:58:46.206" starttime="20170306 15:58:46.112" status="PASS"></status>
</kw>
<kw library="keywords.ArgumentParserKeywords" name="Get Length">
<assign>
<var>${length}</var>
</assign>
<msg level="WARN" timestamp="20170306 15:58:46.206">Keyword 'Get Length' found both from a custom test library 'keywords.ArgumentParserKeywords' and a standard library 'BuiltIn'. The custom keyword is used. To select explicitly, and to get rid of this warning, use either 'keywords.ArgumentParserKeywords.Get Length' or 'BuiltIn.Get Length'.</msg>
<msg level="INFO" timestamp="20170306 15:58:46.253">${length} = 7</msg>
<status endtime="20170306 15:58:46.253" starttime="20170306 15:58:46.206" status="PASS"></status>
</kw>
<kw library="BuiltIn" name="Should Be Equal">
<doc>Fails if the given objects are unequal.</doc>
<arguments>
<arg>7</arg>
<arg>${length}</arg>
</arguments>
<status endtime="20170306 15:58:46.284" starttime="20170306 15:58:46.253" status="PASS"></status>
</kw>
<kw library="keywords.ArgumentParserKeywords" name="Get Width">
<assign>
<var>${width}</var>
</assign>
<msg level="INFO" timestamp="20170306 15:58:46.315">${width} = 5</msg>
<status endtime="20170306 15:58:46.331" starttime="20170306 15:58:46.284" status="PASS"></status>
</kw>
<kw library="BuiltIn" name="Should Be Equal">
<doc>Fails if the given objects are unequal.</doc>
<arguments>
<arg>5</arg>
<arg>${width}</arg>
</arguments>
<status endtime="20170306 15:58:46.393" starttime="20170306 15:58:46.331" status="PASS"></status>
</kw>
<kw library="keywords.ArgumentParserKeywords" name="Get Height">
<assign>
<var>${height}</var>
</assign>
<msg level="INFO" timestamp="20170306 15:58:46.409">${height} = 2</msg>
<status endtime="20170306 15:58:46.409" starttime="20170306 15:58:46.393" status="PASS"></status>
</kw>
<kw library="BuiltIn" name="Should Be Equal">
<doc>Fails if the given objects are unequal.</doc>
<arguments>
<arg>2</arg>
<arg>${height}</arg>
</arguments>
<status endtime="20170306 15:58:46.440" starttime="20170306 15:58:46.424" status="PASS"></status>
</kw>
<kw library="keywords.ArgumentParserKeywords" name="Get Program Output">
<assign>
<var>${output}</var>
</assign>
<msg level="INFO" timestamp="20170306 15:58:46.487">${output} = 70</msg>
<status endtime="20170306 15:58:46.487" starttime="20170306 15:58:46.456" status="PASS"></status>
</kw>
<kw library="BuiltIn" name="Should Be Equal">
<doc>Fails if the given objects are unequal.</doc>
<arguments>
<arg>${output}</arg>
<arg>70</arg>
</arguments>
<status endtime="20170306 15:58:46.518" starttime="20170306 15:58:46.503" status="PASS"></status>
</kw>
<status critical="yes" endtime="20170306 15:58:46.534" starttime="20170306 15:58:46.065" status="PASS"></status>
</test>
<test name="Test Unrecognized Argument" id="s1-s1-t2">
<kw library="keywords.ArgumentParserKeywords" name="Start Volume Calculator With Arguments">
<arguments>
<arg>7</arg>
<arg>5</arg>
<arg>2</arg>
<arg>43</arg>
</arguments>
<msg level="INFO" timestamp="20170306 15:58:46.674">edu.jsu.mcis.Argument@5658498e
edu.jsu.mcis.Argument@3911a96d
edu.jsu.mcis.Argument@64034faa</msg>
<status endtime="20170306 15:58:46.706" starttime="20170306 15:58:46.581" status="PASS"></status>
</kw>
<kw library="keywords.ArgumentParserKeywords" name="Get Program Output">
<assign>
<var>${output}</var>
</assign>
<msg level="INFO" timestamp="20170306 15:58:46.753">${output} = 70</msg>
<status endtime="20170306 15:58:46.753" starttime="20170306 15:58:46.721" status="PASS"></status>
</kw>
<kw library="BuiltIn" name="Should Be Equal">
<doc>Fails if the given objects are unequal.</doc>
<arguments>
<arg>${output}</arg>
<arg>70</arg>
</arguments>
<status endtime="20170306 15:58:46.815" starttime="20170306 15:58:46.768" status="PASS"></status>
</kw>
<status critical="yes" endtime="20170306 15:58:46.831" starttime="20170306 15:58:46.565" status="PASS"></status>
</test>
<test name="Test Absurd Program Normal Function" id="s1-s1-t3">
<kw library="keywords.ArgumentParserKeywords" name="Start Absurd Program With Arguments">
<arguments>
<arg>dog</arg>
<arg>2</arg>
<arg>true</arg>
<arg>3.5</arg>
</arguments>
<msg level="INFO" timestamp="20170306 15:58:46.909">edu.jsu.mcis.Argument@536bcc9e
edu.jsu.mcis.Argument@6400751b
edu.jsu.mcis.Argument@3b658d32
edu.jsu.mcis.Argument@6d84c9a1</msg>
<status endtime="20170306 15:58:46.971" starttime="20170306 15:58:46.878" status="PASS"></status>
</kw>
<kw library="keywords.ArgumentParserKeywords" name="Get Pet">
<assign>
<var>${pet}</var>
</assign>
<msg level="INFO" timestamp="20170306 15:58:46.987">${pet} = dog</msg>
<status endtime="20170306 15:58:46.987" starttime="20170306 15:58:46.971" status="PASS"></status>
</kw>
<kw library="BuiltIn" name="Should Be Equal">
<doc>Fails if the given objects are unequal.</doc>
<arguments>
<arg>dog</arg>
<arg>${pet}</arg>
</arguments>
<status endtime="20170306 15:58:47.018" starttime="20170306 15:58:47.003" status="PASS"></status>
</kw>
<kw library="keywords.ArgumentParserKeywords" name="Get Number">
<assign>
<var>${number}</var>
</assign>
<msg level="INFO" timestamp="20170306 15:58:47.034">${number} = 2</msg>
<status endtime="20170306 15:58:47.049" starttime="20170306 15:58:47.018" status="PASS"></status>
</kw>
<kw library="BuiltIn" name="Should Be Equal">
<doc>Fails if the given objects are unequal.</doc>
<arguments>
<arg>2</arg>
<arg>${number}</arg>
</arguments>
<status endtime="20170306 15:58:47.065" starttime="20170306 15:58:47.049" status="PASS"></status>
</kw>
<kw library="keywords.ArgumentParserKeywords" name="Get Rainy">
<assign>
<var>${rainy}</var>
</assign>
<msg level="INFO" timestamp="20170306 15:58:47.081">${rainy} = true</msg>
<status endtime="20170306 15:58:47.143" starttime="20170306 15:58:47.081" status="PASS"></status>
</kw>
<kw library="BuiltIn" name="Should Be Equal">
<doc>Fails if the given objects are unequal.</doc>
<arguments>
<arg>true</arg>
<arg>${rainy}</arg>
</arguments>
<status endtime="20170306 15:58:47.190" starttime="20170306 15:58:47.159" status="PASS"></status>
</kw>
<kw library="keywords.ArgumentParserKeywords" name="Get Bathrooms">
<assign>
<var>${bathrooms}</var>
</assign>
<msg level="INFO" timestamp="20170306 15:58:47.206">${bathrooms} = 3.5</msg>
<status endtime="20170306 15:58:47.206" starttime="20170306 15:58:47.190" status="PASS"></status>
</kw>
<kw library="BuiltIn" name="Should Be Equal">
<doc>Fails if the given objects are unequal.</doc>
<arguments>
<arg>3.5</arg>
<arg>${bathrooms}</arg>
</arguments>
<status endtime="20170306 15:58:47.237" starttime="20170306 15:58:47.206" status="PASS"></status>
</kw>
<status critical="yes" endtime="20170306 15:58:47.253" starttime="20170306 15:58:46.846" status="PASS"></status>
</test>
<status endtime="20170306 15:58:47.284" starttime="20170306 15:58:45.753" status="PASS"></status>
</suite>
<suite source="C:\Users\Sarah\Desktop\CS 310\ArgumentParser-ANewHope\src\test\acceptancetest\Feature2.robot" name="Feature2" id="s1-s2">
<test name="Test Usage Message" id="s1-s2-t1">
<kw library="keywords.ArgumentParserKeywords" name="Start Program With Arguments">
<arguments>
<arg>-h</arg>
</arguments>
<msg level="INFO" timestamp="20170306 15:58:47.565">edu.jsu.mcis.Argument@15ff7ce8</msg>
<status endtime="20170306 15:58:47.581" starttime="20170306 15:58:47.550" status="PASS"></status>
</kw>
<kw library="keywords.ArgumentParserKeywords" name="Get Program Output">
<assign>
<var>${output}</var>
</assign>
<msg level="FAIL" timestamp="20170306 15:58:47.753">NullPointerException</msg>
<status endtime="20170306 15:58:47.753" starttime="20170306 15:58:47.581" status="FAIL"></status>
</kw>
<status critical="yes" endtime="20170306 15:58:47.768" starttime="20170306 15:58:47.534" status="FAIL">NullPointerException</status>
</test>
<status endtime="20170306 15:58:47.800" starttime="20170306 15:58:47.393" status="FAIL"></status>
</suite>
<status endtime="20170306 15:58:47.846" starttime="20170306 15:58:44.393" status="FAIL"></status>
</suite>
<statistics>
<total>
<stat pass="3" fail="1">Critical Tests</stat>
<stat pass="3" fail="1">All Tests</stat>
</total>
<tag>
</tag>
<suite>
<stat pass="3" fail="1" name="Acceptancetest" id="s1">Acceptancetest</stat>
<stat pass="3" fail="0" name="ArgumentParserTest" id="s1-s1">Acceptancetest.ArgumentParserTest</stat>
<stat pass="0" fail="1" name="Feature2" id="s1-s2">Acceptancetest.Feature2</stat>
</suite>
</statistics>
<errors>
<msg level="WARN" timestamp="20170306 15:58:46.206">Keyword 'Get Length' found both from a custom test library 'keywords.ArgumentParserKeywords' and a standard library 'BuiltIn'. The custom keyword is used. To select explicitly, and to get rid of this warning, use either 'keywords.ArgumentParserKeywords.Get Length' or 'BuiltIn.Get Length'.</msg>
</errors>
</robot>
