<?xml version="1.0" encoding="UTF-8"?>
<robot generator="Robot 3.0 (Jython 2.7.0 on java1.8.0_121)" generated="20170303 05:42:31.241">
<suite source="C:\Users\Clement Dikoko\Desktop\Software Engineering\Group Project\ArgumentParser-ANewHope\src\test\acceptancetest" name="Acceptancetest" id="s1">
<suite source="C:\Users\Clement Dikoko\Desktop\Software Engineering\Group Project\ArgumentParser-ANewHope\src\test\acceptancetest\ArgumentParserTest.robot" name="ArgumentParserTest" id="s1-s1">
<test name="Test Volume Calculator Normal Function" id="s1-s1-t1">
<kw library="keywords.ArgumentParserKeywords" name="Start Volume Calculator With Arguments">
<arguments>
<arg>7</arg>
<arg>5</arg>
<arg>2</arg>
</arguments>
<msg level="INFO" timestamp="20170303 05:42:31.832">edu.jsu.mcis.Argument@5428b907
edu.jsu.mcis.Argument@4175db2b
edu.jsu.mcis.Argument@2100d2ba</msg>
<status endtime="20170303 05:42:31.844" starttime="20170303 05:42:31.817" status="PASS"></status>
</kw>
<kw library="keywords.ArgumentParserKeywords" name="Get Length">
<assign>
<var>${length}</var>
</assign>
<msg level="WARN" timestamp="20170303 05:42:31.848">Keyword 'Get Length' found both from a custom test library 'keywords.ArgumentParserKeywords' and a standard library 'BuiltIn'. The custom keyword is used. To select explicitly, and to get rid of this warning, use either 'keywords.ArgumentParserKeywords.Get Length' or 'BuiltIn.Get Length'.</msg>
<msg level="INFO" timestamp="20170303 05:42:31.871">${length} = 7</msg>
<status endtime="20170303 05:42:31.873" starttime="20170303 05:42:31.849" status="PASS"></status>
</kw>
<kw library="BuiltIn" name="Should Be Equal">
<doc>Fails if the given objects are unequal.</doc>
<arguments>
<arg>7</arg>
<arg>${length}</arg>
</arguments>
<status endtime="20170303 05:42:31.889" starttime="20170303 05:42:31.878" status="PASS"></status>
</kw>
<kw library="keywords.ArgumentParserKeywords" name="Get Width">
<assign>
<var>${width}</var>
</assign>
<msg level="INFO" timestamp="20170303 05:42:31.904">${width} = 5</msg>
<status endtime="20170303 05:42:31.906" starttime="20170303 05:42:31.899" status="PASS"></status>
</kw>
<kw library="BuiltIn" name="Should Be Equal">
<doc>Fails if the given objects are unequal.</doc>
<arguments>
<arg>5</arg>
<arg>${width}</arg>
</arguments>
<status endtime="20170303 05:42:31.934" starttime="20170303 05:42:31.913" status="PASS"></status>
</kw>
<kw library="keywords.ArgumentParserKeywords" name="Get Height">
<assign>
<var>${height}</var>
</assign>
<msg level="INFO" timestamp="20170303 05:42:31.951">${height} = 2</msg>
<status endtime="20170303 05:42:31.956" starttime="20170303 05:42:31.943" status="PASS"></status>
</kw>
<kw library="BuiltIn" name="Should Be Equal">
<doc>Fails if the given objects are unequal.</doc>
<arguments>
<arg>2</arg>
<arg>${height}</arg>
</arguments>
<status endtime="20170303 05:42:31.992" starttime="20170303 05:42:31.966" status="PASS"></status>
</kw>
<kw library="keywords.ArgumentParserKeywords" name="Get Program Output">
<assign>
<var>${output}</var>
</assign>
<msg level="INFO" timestamp="20170303 05:42:32.000">${output} = 70</msg>
<status endtime="20170303 05:42:32.006" starttime="20170303 05:42:31.995" status="PASS"></status>
</kw>
<kw library="BuiltIn" name="Should Be Equal">
<doc>Fails if the given objects are unequal.</doc>
<arguments>
<arg>${output}</arg>
<arg>70</arg>
</arguments>
<status endtime="20170303 05:42:32.020" starttime="20170303 05:42:32.015" status="PASS"></status>
</kw>
<status critical="yes" endtime="20170303 05:42:32.022" starttime="20170303 05:42:31.787" status="PASS"></status>
</test>
<test name="Test Unrecognized Argument" id="s1-s1-t2">
<kw library="keywords.ArgumentParserKeywords" name="Start Volume Calculator With Arguments">
<arguments>
<arg>7</arg>
<arg>5</arg>
<arg>2</arg>
<arg>43</arg>
</arguments>
<msg level="INFO" timestamp="20170303 05:42:32.048">edu.jsu.mcis.Argument@4a3fd832
edu.jsu.mcis.Argument@4c829a47
edu.jsu.mcis.Argument@10a6e738</msg>
<status endtime="20170303 05:42:32.078" starttime="20170303 05:42:32.041" status="PASS"></status>
</kw>
<kw library="keywords.ArgumentParserKeywords" name="Get Program Output">
<assign>
<var>${output}</var>
</assign>
<msg level="INFO" timestamp="20170303 05:42:32.087">${output} = 70</msg>
<status endtime="20170303 05:42:32.088" starttime="20170303 05:42:32.082" status="PASS"></status>
</kw>
<kw library="BuiltIn" name="Should Be Equal">
<doc>Fails if the given objects are unequal.</doc>
<arguments>
<arg>${output}</arg>
<arg>70</arg>
</arguments>
<status endtime="20170303 05:42:32.096" starttime="20170303 05:42:32.091" status="PASS"></status>
</kw>
<status critical="yes" endtime="20170303 05:42:32.098" starttime="20170303 05:42:32.033" status="PASS"></status>
</test>
<test name="Test Absurd Program Normal Function" id="s1-s1-t3">
<kw library="keywords.ArgumentParserKeywords" name="Start Absurd Program With Arguments">
<arguments>
<arg>dog</arg>
<arg>2</arg>
<arg>true</arg>
<arg>3.5</arg>
</arguments>
<msg level="INFO" timestamp="20170303 05:42:32.134">edu.jsu.mcis.Argument@50ac39fa
edu.jsu.mcis.Argument@4dd79bfe
edu.jsu.mcis.Argument@5d5772ac
edu.jsu.mcis.Argument@6d00fee7</msg>
<status endtime="20170303 05:42:32.139" starttime="20170303 05:42:32.108" status="PASS"></status>
</kw>
<kw library="keywords.ArgumentParserKeywords" name="Get Pet">
<assign>
<var>${pet}</var>
</assign>
<msg level="INFO" timestamp="20170303 05:42:32.151">${pet} = dog</msg>
<status endtime="20170303 05:42:32.153" starttime="20170303 05:42:32.144" status="PASS"></status>
</kw>
<kw library="BuiltIn" name="Should Be Equal">
<doc>Fails if the given objects are unequal.</doc>
<arguments>
<arg>dog</arg>
<arg>${pet}</arg>
</arguments>
<status endtime="20170303 05:42:32.166" starttime="20170303 05:42:32.158" status="PASS"></status>
</kw>
<kw library="keywords.ArgumentParserKeywords" name="Get Number">
<assign>
<var>${number}</var>
</assign>
<msg level="INFO" timestamp="20170303 05:42:32.177">${number} = 2</msg>
<status endtime="20170303 05:42:32.179" starttime="20170303 05:42:32.170" status="PASS"></status>
</kw>
<kw library="BuiltIn" name="Should Be Equal">
<doc>Fails if the given objects are unequal.</doc>
<arguments>
<arg>2</arg>
<arg>${number}</arg>
</arguments>
<status endtime="20170303 05:42:32.201" starttime="20170303 05:42:32.189" status="PASS"></status>
</kw>
<kw library="keywords.ArgumentParserKeywords" name="Get Rainy">
<assign>
<var>${rainy}</var>
</assign>
<msg level="INFO" timestamp="20170303 05:42:32.223">${rainy} = true</msg>
<status endtime="20170303 05:42:32.229" starttime="20170303 05:42:32.216" status="PASS"></status>
</kw>
<kw library="BuiltIn" name="Should Be Equal">
<doc>Fails if the given objects are unequal.</doc>
<arguments>
<arg>true</arg>
<arg>${rainy}</arg>
</arguments>
<status endtime="20170303 05:42:32.300" starttime="20170303 05:42:32.233" status="PASS"></status>
</kw>
<kw library="keywords.ArgumentParserKeywords" name="Get Bathrooms">
<assign>
<var>${bathrooms}</var>
</assign>
<msg level="INFO" timestamp="20170303 05:42:32.318">${bathrooms} = 3.5</msg>
<status endtime="20170303 05:42:32.323" starttime="20170303 05:42:32.304" status="PASS"></status>
</kw>
<kw library="BuiltIn" name="Should Be Equal">
<doc>Fails if the given objects are unequal.</doc>
<arguments>
<arg>3.5</arg>
<arg>${bathrooms}</arg>
</arguments>
<status endtime="20170303 05:42:32.334" starttime="20170303 05:42:32.328" status="PASS"></status>
</kw>
<status critical="yes" endtime="20170303 05:42:32.336" starttime="20170303 05:42:32.102" status="PASS"></status>
</test>
<status endtime="20170303 05:42:32.346" starttime="20170303 05:42:31.687" status="PASS"></status>
</suite>
<suite source="C:\Users\Clement Dikoko\Desktop\Software Engineering\Group Project\ArgumentParser-ANewHope\src\test\acceptancetest\feature2.robot" name="Feature2" id="s1-s2">
<test name="Test Usage Message" id="s1-s2-t1">
<kw library="keywords.ArgumentParserKeywords" name="Start Program With Arguments">
<arguments>
<arg>-h</arg>
</arguments>
<msg level="INFO" timestamp="20170303 05:42:32.410">edu.jsu.mcis.Argument@7556ddd2</msg>
<status endtime="20170303 05:42:32.411" starttime="20170303 05:42:32.404" status="PASS"></status>
</kw>
<kw library="keywords.ArgumentParserKeywords" name="Get Program Output">
<assign>
<var>${output}</var>
</assign>
<msg level="INFO" timestamp="20170303 05:42:32.417">${output} = None</msg>
<status endtime="20170303 05:42:32.418" starttime="20170303 05:42:32.414" status="PASS"></status>
</kw>
<kw library="BuiltIn" name="Should Be Equal">
<doc>Fails if the given objects are unequal.</doc>
<arguments>
<arg>${expected}</arg>
<arg>${output}</arg>
</arguments>
<msg level="FAIL" timestamp="20170303 05:42:32.427">usage: java VolumeCalculator length width height
Calcuate the volume of a box.
positional arguments:
length the length of the box (float)
width the width of the box(float)
height the height of the box(float) != None</msg>
<status endtime="20170303 05:42:32.429" starttime="20170303 05:42:32.421" status="FAIL"></status>
</kw>
<status critical="yes" endtime="20170303 05:42:32.437" starttime="20170303 05:42:32.393" status="FAIL">usage: java VolumeCalculator length width height
Calcuate the volume of a box.
positional arguments:
length the length of the box (float)
width the width of the box(float)
height the height of the box(float) != None</status>
</test>
<status endtime="20170303 05:42:32.450" starttime="20170303 05:42:32.361" status="FAIL"></status>
</suite>
<status endtime="20170303 05:42:32.469" starttime="20170303 05:42:31.256" status="FAIL"></status>
</suite>
<statistics>
<total>
<stat pass="3" fail="1">Critical Tests</stat>
<stat pass="3" fail="1">All Tests</stat>
</total>
<tag>
</tag>
<suite>
<stat pass="3" fail="1" name="Acceptancetest" id="s1">Acceptancetest</stat>
<stat pass="3" fail="0" name="ArgumentParserTest" id="s1-s1">Acceptancetest.ArgumentParserTest</stat>
<stat pass="0" fail="1" name="Feature2" id="s1-s2">Acceptancetest.Feature2</stat>
</suite>
</statistics>
<errors>
<msg level="WARN" timestamp="20170303 05:42:31.848">Keyword 'Get Length' found both from a custom test library 'keywords.ArgumentParserKeywords' and a standard library 'BuiltIn'. The custom keyword is used. To select explicitly, and to get rid of this warning, use either 'keywords.ArgumentParserKeywords.Get Length' or 'BuiltIn.Get Length'.</msg>
</errors>
</robot>
